[0.067s] Invoking command in '/home/user/ros2_ws/build/rule_based_obstacle_avoidance': CMAKE_PREFIX_PATH=${CMAKE_PREFIX_PATH}:/opt/ros/galactic _=/usr/bin/env /usr/bin/cmake --build /home/user/ros2_ws/build/rule_based_obstacle_avoidance -- -j8 -l8
[0.246s] [100%] Built target obstacle_avoidance
[0.278s] Invoked command in '/home/user/ros2_ws/build/rule_based_obstacle_avoidance' returned '0': CMAKE_PREFIX_PATH=${CMAKE_PREFIX_PATH}:/opt/ros/galactic _=/usr/bin/env /usr/bin/cmake --build /home/user/ros2_ws/build/rule_based_obstacle_avoidance -- -j8 -l8
[0.399s] Invoking command in '/home/user/ros2_ws/build/rule_based_obstacle_avoidance': CMAKE_PREFIX_PATH=${CMAKE_PREFIX_PATH}:/opt/ros/galactic _=/usr/bin/env /usr/bin/cmake --install /home/user/ros2_ws/build/rule_based_obstacle_avoidance
[0.430s] -- Install configuration: ""
[0.432s] -- Up-to-date: /home/user/ros2_ws/install/rule_based_obstacle_avoidance/lib/rule_based_obstacle_avoidance/obstacle_avoidance
[0.432s] -- Up-to-date: /home/user/ros2_ws/install/rule_based_obstacle_avoidance/share/rule_based_obstacle_avoidance//launch
[0.432s] -- Up-to-date: /home/user/ros2_ws/install/rule_based_obstacle_avoidance/share/rule_based_obstacle_avoidance//launch/gazebo_and_obstacle_avoidance.launch.xml
[0.433s] -- Up-to-date: /home/user/ros2_ws/install/rule_based_obstacle_avoidance/share/rule_based_obstacle_avoidance//launch/empty_simulation.launch.py
[0.433s] -- Up-to-date: /home/user/ros2_ws/install/rule_based_obstacle_avoidance/share/ament_index/resource_index/package_run_dependencies/rule_based_obstacle_avoidance
[0.433s] -- Up-to-date: /home/user/ros2_ws/install/rule_based_obstacle_avoidance/share/ament_index/resource_index/parent_prefix_path/rule_based_obstacle_avoidance
[0.433s] -- Up-to-date: /home/user/ros2_ws/install/rule_based_obstacle_avoidance/share/rule_based_obstacle_avoidance/environment/ament_prefix_path.sh
[0.434s] -- Up-to-date: /home/user/ros2_ws/install/rule_based_obstacle_avoidance/share/rule_based_obstacle_avoidance/environment/ament_prefix_path.dsv
[0.434s] -- Up-to-date: /home/user/ros2_ws/install/rule_based_obstacle_avoidance/share/rule_based_obstacle_avoidance/environment/path.sh
[0.434s] -- Up-to-date: /home/user/ros2_ws/install/rule_based_obstacle_avoidance/share/rule_based_obstacle_avoidance/environment/path.dsv
[0.435s] -- Up-to-date: /home/user/ros2_ws/install/rule_based_obstacle_avoidance/share/rule_based_obstacle_avoidance/local_setup.bash
[0.436s] -- Up-to-date: /home/user/ros2_ws/install/rule_based_obstacle_avoidance/share/rule_based_obstacle_avoidance/local_setup.sh
[0.436s] -- Up-to-date: /home/user/ros2_ws/install/rule_based_obstacle_avoidance/share/rule_based_obstacle_avoidance/local_setup.zsh
[0.436s] -- Up-to-date: /home/user/ros2_ws/install/rule_based_obstacle_avoidance/share/rule_based_obstacle_avoidance/local_setup.dsv
[0.437s] -- Installing: /home/user/ros2_ws/install/rule_based_obstacle_avoidance/share/rule_based_obstacle_avoidance/package.dsv
[0.438s] -- Up-to-date: /home/user/ros2_ws/install/rule_based_obstacle_avoidance/share/ament_index/resource_index/packages/rule_based_obstacle_avoidance
[0.438s] -- Up-to-date: /home/user/ros2_ws/install/rule_based_obstacle_avoidance/share/rule_based_obstacle_avoidance/cmake/rule_based_obstacle_avoidanceConfig.cmake
[0.438s] -- Up-to-date: /home/user/ros2_ws/install/rule_based_obstacle_avoidance/share/rule_based_obstacle_avoidance/cmake/rule_based_obstacle_avoidanceConfig-version.cmake
[0.439s] -- Up-to-date: /home/user/ros2_ws/install/rule_based_obstacle_avoidance/share/rule_based_obstacle_avoidance/package.xml
[0.447s] Invoked command in '/home/user/ros2_ws/build/rule_based_obstacle_avoidance' returned '0': CMAKE_PREFIX_PATH=${CMAKE_PREFIX_PATH}:/opt/ros/galactic _=/usr/bin/env /usr/bin/cmake --install /home/user/ros2_ws/build/rule_based_obstacle_avoidance
