[0.066s] Invoking command in '/home/user/ros2_ws/build/my_package': CMAKE_PREFIX_PATH=${CMAKE_PREFIX_PATH}:/opt/ros/galactic _=/usr/bin/env /usr/bin/cmake --build /home/user/ros2_ws/build/my_package -- -j8 -l8
[0.285s] [ 50%] Built target obstacle_avoidance
[0.406s] [100%] Built target rviz_marker_pub
[0.436s] Invoked command in '/home/user/ros2_ws/build/my_package' returned '0': CMAKE_PREFIX_PATH=${CMAKE_PREFIX_PATH}:/opt/ros/galactic _=/usr/bin/env /usr/bin/cmake --build /home/user/ros2_ws/build/my_package -- -j8 -l8
[0.602s] Invoking command in '/home/user/ros2_ws/build/my_package': CMAKE_PREFIX_PATH=${CMAKE_PREFIX_PATH}:/opt/ros/galactic _=/usr/bin/env /usr/bin/cmake --install /home/user/ros2_ws/build/my_package
[0.631s] -- Install configuration: ""
[0.631s] -- Execute custom install script
[0.632s] -- Up-to-date symlink: /home/user/ros2_ws/install/my_package/lib/my_package//obstacle_avoidance
[0.632s] -- Up-to-date symlink: /home/user/ros2_ws/install/my_package/lib/my_package//rviz_marker_pub
[0.636s] -- Up-to-date symlink: /home/user/ros2_ws/install/my_package/share/my_package//launch/empty_simulation.launch.py
[0.638s] -- Up-to-date symlink: /home/user/ros2_ws/install/my_package/share/my_package//launch/launch_project.launch.xml
[0.640s] -- Up-to-date symlink: /home/user/ros2_ws/install/my_package/share/ament_index/resource_index/package_run_dependencies/my_package
[0.640s] -- Up-to-date symlink: /home/user/ros2_ws/install/my_package/share/ament_index/resource_index/parent_prefix_path/my_package
[0.642s] -- Up-to-date symlink: /home/user/ros2_ws/install/my_package/share/my_package/environment/ament_prefix_path.sh
[0.643s] -- Up-to-date symlink: /home/user/ros2_ws/install/my_package/share/my_package/environment/ament_prefix_path.dsv
[0.643s] -- Up-to-date symlink: /home/user/ros2_ws/install/my_package/share/my_package/environment/path.sh
[0.643s] -- Up-to-date symlink: /home/user/ros2_ws/install/my_package/share/my_package/environment/path.dsv
[0.644s] -- Up-to-date symlink: /home/user/ros2_ws/install/my_package/share/my_package/local_setup.bash
[0.644s] -- Up-to-date symlink: /home/user/ros2_ws/install/my_package/share/my_package/local_setup.sh
[0.646s] -- Up-to-date symlink: /home/user/ros2_ws/install/my_package/share/my_package/local_setup.zsh
[0.646s] -- Up-to-date symlink: /home/user/ros2_ws/install/my_package/share/my_package/local_setup.dsv
[0.646s] -- Symlinking: /home/user/ros2_ws/install/my_package/share/my_package/package.dsv
[0.678s] -- Up-to-date symlink: /home/user/ros2_ws/install/my_package/share/ament_index/resource_index/packages/my_package
[0.683s] -- Up-to-date symlink: /home/user/ros2_ws/install/my_package/share/my_package/cmake/my_packageConfig.cmake
[0.683s] -- Up-to-date symlink: /home/user/ros2_ws/install/my_package/share/my_package/cmake/my_packageConfig-version.cmake
[0.683s] -- Up-to-date symlink: /home/user/ros2_ws/install/my_package/share/my_package/package.xml
[0.689s] Invoked command in '/home/user/ros2_ws/build/my_package' returned '0': CMAKE_PREFIX_PATH=${CMAKE_PREFIX_PATH}:/opt/ros/galactic _=/usr/bin/env /usr/bin/cmake --install /home/user/ros2_ws/build/my_package
