[0.031s] Invoking command in '/home/user/ros2_ws/build/rule_based_obstacle_avoidance': CMAKE_PREFIX_PATH=${CMAKE_PREFIX_PATH}:/opt/ros/galactic _=/usr/bin/env /usr/bin/cmake --build /home/user/ros2_ws/build/rule_based_obstacle_avoidance -- -j8 -l8
[0.070s] -- Found ament_cmake: 1.1.5 (/opt/ros/galactic/share/ament_cmake/cmake)
[0.109s] -- Using PYTHON_EXECUTABLE: /usr/bin/python3
[0.208s] -- Found rclcpp: 9.2.0 (/opt/ros/galactic/share/rclcpp/cmake)
[0.265s] -- Using all available rosidl_typesupport_c: rosidl_typesupport_fastrtps_c;rosidl_typesupport_introspection_c
[0.271s] -- Found rosidl_adapter: 2.2.1 (/opt/ros/galactic/share/rosidl_adapter/cmake)
[0.531s] -- Using all available rosidl_typesupport_cpp: rosidl_typesupport_fastrtps_cpp;rosidl_typesupport_introspection_cpp
[0.642s] -- Found rmw_implementation_cmake: 3.3.1 (/opt/ros/galactic/share/rmw_implementation_cmake/cmake)
[0.645s] -- Found rmw_cyclonedds_cpp: 0.22.4 (/opt/ros/galactic/share/rmw_cyclonedds_cpp/cmake)
[0.684s] -- Using RMW implementation 'rmw_cyclonedds_cpp' as default
[0.977s] -- Found geometry_msgs: 2.2.4 (/opt/ros/galactic/share/geometry_msgs/cmake)
[1.046s] -- Found sensor_msgs: 2.2.4 (/opt/ros/galactic/share/sensor_msgs/cmake)
[1.194s] -- Found ament_lint_auto: 0.10.6 (/opt/ros/galactic/share/ament_lint_auto/cmake)
[1.294s] -- Added test 'copyright' to check source files copyright and LICENSE
[1.302s] -- Added test 'cppcheck' to perform static code analysis on C / C++ code
[1.302s] -- Configured cppcheck include dirs: 
[1.302s] -- Configured cppcheck exclude dirs and/or files: 
[1.310s] -- Added test 'cpplint' to check C / C++ code against the Google style
[1.310s] -- Configured cpplint exclude dirs and/or files: 
[1.312s] -- Added test 'flake8' to check Python code syntax and style conventions
[1.314s] -- Added test 'lint_cmake' to check CMake code style
[1.315s] -- Added test 'pep257' to check Python code against some of the style conventions in PEP 257
[1.321s] -- Added test 'uncrustify' to check C / C++ code style
[1.322s] -- Configured uncrustify additional arguments: 
[1.323s] -- Added test 'xmllint' to check XML markup files
[1.328s] -- Configuring done
[1.342s] -- Generating done
[1.346s] -- Build files have been written to: /home/user/ros2_ws/build/rule_based_obstacle_avoidance
[1.433s] [100%] Built target obstacle_avoidance
[1.454s] Invoked command in '/home/user/ros2_ws/build/rule_based_obstacle_avoidance' returned '0': CMAKE_PREFIX_PATH=${CMAKE_PREFIX_PATH}:/opt/ros/galactic _=/usr/bin/env /usr/bin/cmake --build /home/user/ros2_ws/build/rule_based_obstacle_avoidance -- -j8 -l8
[1.544s] Invoking command in '/home/user/ros2_ws/build/rule_based_obstacle_avoidance': CMAKE_PREFIX_PATH=${CMAKE_PREFIX_PATH}:/opt/ros/galactic _=/usr/bin/env /usr/bin/cmake --install /home/user/ros2_ws/build/rule_based_obstacle_avoidance
[1.568s] -- Install configuration: ""
[1.569s] -- Up-to-date: /home/user/ros2_ws/install/rule_based_obstacle_avoidance/lib/rule_based_obstacle_avoidance/obstacle_avoidance
[1.569s] -- Up-to-date: /home/user/ros2_ws/install/rule_based_obstacle_avoidance/share/ament_index/resource_index/package_run_dependencies/rule_based_obstacle_avoidance
[1.569s] -- Up-to-date: /home/user/ros2_ws/install/rule_based_obstacle_avoidance/share/ament_index/resource_index/parent_prefix_path/rule_based_obstacle_avoidance
[1.570s] -- Up-to-date: /home/user/ros2_ws/install/rule_based_obstacle_avoidance/share/rule_based_obstacle_avoidance/environment/ament_prefix_path.sh
[1.570s] -- Installing: /home/user/ros2_ws/install/rule_based_obstacle_avoidance/share/rule_based_obstacle_avoidance/environment/ament_prefix_path.dsv
[1.571s] -- Up-to-date: /home/user/ros2_ws/install/rule_based_obstacle_avoidance/share/rule_based_obstacle_avoidance/environment/path.sh
[1.571s] -- Installing: /home/user/ros2_ws/install/rule_based_obstacle_avoidance/share/rule_based_obstacle_avoidance/environment/path.dsv
[1.572s] -- Up-to-date: /home/user/ros2_ws/install/rule_based_obstacle_avoidance/share/rule_based_obstacle_avoidance/local_setup.bash
[1.573s] -- Up-to-date: /home/user/ros2_ws/install/rule_based_obstacle_avoidance/share/rule_based_obstacle_avoidance/local_setup.sh
[1.573s] -- Up-to-date: /home/user/ros2_ws/install/rule_based_obstacle_avoidance/share/rule_based_obstacle_avoidance/local_setup.zsh
[1.573s] -- Installing: /home/user/ros2_ws/install/rule_based_obstacle_avoidance/share/rule_based_obstacle_avoidance/local_setup.dsv
[1.573s] -- Installing: /home/user/ros2_ws/install/rule_based_obstacle_avoidance/share/rule_based_obstacle_avoidance/package.dsv
[1.574s] -- Up-to-date: /home/user/ros2_ws/install/rule_based_obstacle_avoidance/share/ament_index/resource_index/packages/rule_based_obstacle_avoidance
[1.574s] -- Up-to-date: /home/user/ros2_ws/install/rule_based_obstacle_avoidance/share/rule_based_obstacle_avoidance/cmake/rule_based_obstacle_avoidanceConfig.cmake
[1.574s] -- Up-to-date: /home/user/ros2_ws/install/rule_based_obstacle_avoidance/share/rule_based_obstacle_avoidance/cmake/rule_based_obstacle_avoidanceConfig-version.cmake
[1.574s] -- Up-to-date: /home/user/ros2_ws/install/rule_based_obstacle_avoidance/share/rule_based_obstacle_avoidance/package.xml
[1.577s] Invoked command in '/home/user/ros2_ws/build/rule_based_obstacle_avoidance' returned '0': CMAKE_PREFIX_PATH=${CMAKE_PREFIX_PATH}:/opt/ros/galactic _=/usr/bin/env /usr/bin/cmake --install /home/user/ros2_ws/build/rule_based_obstacle_avoidance
