[0.033s] Invoking command in '/home/user/ros2_ws/build/my_package': CMAKE_PREFIX_PATH=${CMAKE_PREFIX_PATH}:/opt/ros/galactic _=/usr/bin/env /usr/bin/cmake --build /home/user/ros2_ws/build/my_package -- -j8 -l8
[0.132s] [ 50%] Built target obstacle_avoidance
[0.182s] [100%] Built target rviz_marker_pub
[0.198s] Invoked command in '/home/user/ros2_ws/build/my_package' returned '0': CMAKE_PREFIX_PATH=${CMAKE_PREFIX_PATH}:/opt/ros/galactic _=/usr/bin/env /usr/bin/cmake --build /home/user/ros2_ws/build/my_package -- -j8 -l8
[0.296s] Invoking command in '/home/user/ros2_ws/build/my_package': CMAKE_PREFIX_PATH=${CMAKE_PREFIX_PATH}:/opt/ros/galactic _=/usr/bin/env /usr/bin/cmake --install /home/user/ros2_ws/build/my_package
[0.311s] -- Install configuration: ""
[0.312s] -- Execute custom install script
[0.313s] -- Up-to-date symlink: /home/user/ros2_ws/install/my_package/lib/my_package//obstacle_avoidance
[0.314s] -- Up-to-date symlink: /home/user/ros2_ws/install/my_package/lib/my_package//rviz_marker_pub
[0.314s] -- Up-to-date symlink: /home/user/ros2_ws/install/my_package/share/my_package//launch/launch_project.launch.xml
[0.315s] -- Up-to-date symlink: /home/user/ros2_ws/install/my_package/share/my_package//launch/simulation.launch.py
[0.315s] -- Up-to-date symlink: /home/user/ros2_ws/install/my_package/share/ament_index/resource_index/package_run_dependencies/my_package
[0.316s] -- Up-to-date symlink: /home/user/ros2_ws/install/my_package/share/ament_index/resource_index/parent_prefix_path/my_package
[0.316s] -- Up-to-date symlink: /home/user/ros2_ws/install/my_package/share/my_package/environment/ament_prefix_path.sh
[0.317s] -- Up-to-date symlink: /home/user/ros2_ws/install/my_package/share/my_package/environment/ament_prefix_path.dsv
[0.318s] -- Up-to-date symlink: /home/user/ros2_ws/install/my_package/share/my_package/environment/path.sh
[0.318s] -- Up-to-date symlink: /home/user/ros2_ws/install/my_package/share/my_package/environment/path.dsv
[0.319s] -- Up-to-date symlink: /home/user/ros2_ws/install/my_package/share/my_package/local_setup.bash
[0.319s] -- Up-to-date symlink: /home/user/ros2_ws/install/my_package/share/my_package/local_setup.sh
[0.320s] -- Up-to-date symlink: /home/user/ros2_ws/install/my_package/share/my_package/local_setup.zsh
[0.320s] -- Up-to-date symlink: /home/user/ros2_ws/install/my_package/share/my_package/local_setup.dsv
[0.320s] -- Symlinking: /home/user/ros2_ws/install/my_package/share/my_package/package.dsv
[0.336s] -- Up-to-date symlink: /home/user/ros2_ws/install/my_package/share/ament_index/resource_index/packages/my_package
[0.337s] -- Up-to-date symlink: /home/user/ros2_ws/install/my_package/share/my_package/cmake/my_packageConfig.cmake
[0.337s] -- Up-to-date symlink: /home/user/ros2_ws/install/my_package/share/my_package/cmake/my_packageConfig-version.cmake
[0.337s] -- Up-to-date symlink: /home/user/ros2_ws/install/my_package/share/my_package/package.xml
[0.340s] Invoked command in '/home/user/ros2_ws/build/my_package' returned '0': CMAKE_PREFIX_PATH=${CMAKE_PREFIX_PATH}:/opt/ros/galactic _=/usr/bin/env /usr/bin/cmake --install /home/user/ros2_ws/build/my_package
