[0.038s] Invoking command in '/home/user/ros2_ws/build/minimal_diff_drive_robot': CMAKE_PREFIX_PATH=${CMAKE_PREFIX_PATH}:/opt/ros/galactic _=/usr/bin/env /usr/bin/cmake --build /home/user/ros2_ws/build/minimal_diff_drive_robot -- -j8 -l8
[5.784s] Invoked command in '/home/user/ros2_ws/build/minimal_diff_drive_robot' returned '0': CMAKE_PREFIX_PATH=${CMAKE_PREFIX_PATH}:/opt/ros/galactic _=/usr/bin/env /usr/bin/cmake --build /home/user/ros2_ws/build/minimal_diff_drive_robot -- -j8 -l8
[5.891s] Invoking command in '/home/user/ros2_ws/build/minimal_diff_drive_robot': CMAKE_PREFIX_PATH=${CMAKE_PREFIX_PATH}:/opt/ros/galactic _=/usr/bin/env /usr/bin/cmake --install /home/user/ros2_ws/build/minimal_diff_drive_robot
[5.913s] -- Install configuration: ""
[5.914s] -- Up-to-date: /home/user/ros2_ws/install/minimal_diff_drive_robot/share/minimal_diff_drive_robot/launch
[5.914s] -- Up-to-date: /home/user/ros2_ws/install/minimal_diff_drive_robot/share/minimal_diff_drive_robot/launch/gazebo_and_rviz.launch.xml
[5.914s] -- Up-to-date: /home/user/ros2_ws/install/minimal_diff_drive_robot/share/minimal_diff_drive_robot/launch/gazebo_and_rviz.launch.py
[5.914s] -- Up-to-date: /home/user/ros2_ws/install/minimal_diff_drive_robot/share/minimal_diff_drive_robot/urdf
[5.914s] -- Installing: /home/user/ros2_ws/install/minimal_diff_drive_robot/share/minimal_diff_drive_robot/urdf/minimal_diff_drive_robot.urdf
[5.914s] -- Up-to-date: /home/user/ros2_ws/install/minimal_diff_drive_robot/share/minimal_diff_drive_robot/config
[5.915s] -- Up-to-date: /home/user/ros2_ws/install/minimal_diff_drive_robot/share/minimal_diff_drive_robot/config/robot.rviz
[5.915s] -- Up-to-date: /home/user/ros2_ws/install/minimal_diff_drive_robot/share/ament_index/resource_index/package_run_dependencies/minimal_diff_drive_robot
[5.915s] -- Up-to-date: /home/user/ros2_ws/install/minimal_diff_drive_robot/share/ament_index/resource_index/parent_prefix_path/minimal_diff_drive_robot
[5.915s] -- Up-to-date: /home/user/ros2_ws/install/minimal_diff_drive_robot/share/minimal_diff_drive_robot/environment/ament_prefix_path.sh
[5.915s] -- Up-to-date: /home/user/ros2_ws/install/minimal_diff_drive_robot/share/minimal_diff_drive_robot/environment/ament_prefix_path.dsv
[5.915s] -- Up-to-date: /home/user/ros2_ws/install/minimal_diff_drive_robot/share/minimal_diff_drive_robot/environment/path.sh
[5.915s] -- Up-to-date: /home/user/ros2_ws/install/minimal_diff_drive_robot/share/minimal_diff_drive_robot/environment/path.dsv
[5.916s] -- Up-to-date: /home/user/ros2_ws/install/minimal_diff_drive_robot/share/minimal_diff_drive_robot/local_setup.bash
[5.916s] -- Up-to-date: /home/user/ros2_ws/install/minimal_diff_drive_robot/share/minimal_diff_drive_robot/local_setup.sh
[5.916s] -- Up-to-date: /home/user/ros2_ws/install/minimal_diff_drive_robot/share/minimal_diff_drive_robot/local_setup.zsh
[5.916s] -- Up-to-date: /home/user/ros2_ws/install/minimal_diff_drive_robot/share/minimal_diff_drive_robot/local_setup.dsv
[5.916s] -- Installing: /home/user/ros2_ws/install/minimal_diff_drive_robot/share/minimal_diff_drive_robot/package.dsv
[5.916s] -- Up-to-date: /home/user/ros2_ws/install/minimal_diff_drive_robot/share/ament_index/resource_index/packages/minimal_diff_drive_robot
[5.917s] -- Up-to-date: /home/user/ros2_ws/install/minimal_diff_drive_robot/share/minimal_diff_drive_robot/cmake/minimal_diff_drive_robotConfig.cmake
[5.917s] -- Up-to-date: /home/user/ros2_ws/install/minimal_diff_drive_robot/share/minimal_diff_drive_robot/cmake/minimal_diff_drive_robotConfig-version.cmake
[5.917s] -- Up-to-date: /home/user/ros2_ws/install/minimal_diff_drive_robot/share/minimal_diff_drive_robot/package.xml
[5.919s] Invoked command in '/home/user/ros2_ws/build/minimal_diff_drive_robot' returned '0': CMAKE_PREFIX_PATH=${CMAKE_PREFIX_PATH}:/opt/ros/galactic _=/usr/bin/env /usr/bin/cmake --install /home/user/ros2_ws/build/minimal_diff_drive_robot
