[11.335s] DEBUG:colcon:Command line arguments: ['/usr/bin/colcon', 'build', '--symlink-install']
[11.335s] DEBUG:colcon:Parsed command line arguments: Namespace(ament_cmake_args=None, base_paths=['.'], build_base='build', catkin_cmake_args=None, catkin_skip_building_tests=False, cmake_args=None, cmake_clean_cache=False, cmake_clean_first=False, cmake_force_configure=False, cmake_target=None, cmake_target_skip_unavailable=False, continue_on_error=False, event_handlers=None, executor='parallel', ignore_user_meta=False, install_base='install', log_base=None, log_level=None, main=<bound method BuildVerb.main of <colcon_core.verb.build.BuildVerb object at 0x7f27425ff1c0>>, merge_install=False, metas=['./colcon.meta'], packages_above=None, packages_above_and_dependencies=None, packages_above_depth=None, packages_end=None, packages_ignore=None, packages_ignore_regex=None, packages_select=None, packages_select_build_failed=False, packages_select_by_dep=None, packages_select_regex=None, packages_select_test_failures=False, packages_skip=None, packages_skip_build_finished=False, packages_skip_by_dep=None, packages_skip_regex=None, packages_skip_test_passed=False, packages_skip_up_to=None, packages_start=None, packages_up_to=None, packages_up_to_regex=None, parallel_workers=8, paths=None, symlink_install=True, test_result_base=None, verb_extension=<colcon_core.verb.build.BuildVerb object at 0x7f27425ff1c0>, verb_name='build', verb_parser=<colcon_defaults.argument_parser.defaults.DefaultArgumentsDecorator object at 0x7f27425ffac0>)
[11.446s] Level 1:colcon.colcon_core.package_discovery:discover_packages(colcon_meta) check parameters
[11.446s] Level 1:colcon.colcon_core.package_discovery:discover_packages(recursive) check parameters
[11.446s] Level 1:colcon.colcon_core.package_discovery:discover_packages(ignore) check parameters
[11.446s] Level 1:colcon.colcon_core.package_discovery:discover_packages(path) check parameters
[11.446s] Level 1:colcon.colcon_core.package_discovery:discover_packages(colcon_meta) discover
[11.446s] Level 1:colcon.colcon_core.package_discovery:discover_packages(recursive) discover
[11.447s] INFO:colcon.colcon_core.package_discovery:Crawling recursively for packages in '/home/user/ros2_ws'
[11.447s] Level 1:colcon.colcon_core.package_identification:_identify(.) by extensions ['ignore', 'ignore_ament_install']
[11.447s] Level 1:colcon.colcon_core.package_identification:_identify(.) by extension 'ignore'
[11.447s] Level 1:colcon.colcon_core.package_identification:_identify(.) by extension 'ignore_ament_install'
[11.447s] Level 1:colcon.colcon_core.package_identification:_identify(.) by extensions ['colcon_pkg']
[11.447s] Level 1:colcon.colcon_core.package_identification:_identify(.) by extension 'colcon_pkg'
[11.447s] Level 1:colcon.colcon_core.package_identification:_identify(.) by extensions ['colcon_meta']
[11.448s] Level 1:colcon.colcon_core.package_identification:_identify(.) by extension 'colcon_meta'
[11.448s] Level 1:colcon.colcon_core.package_identification:_identify(.) by extensions ['ros']
[11.448s] Level 1:colcon.colcon_core.package_identification:_identify(.) by extension 'ros'
[11.528s] Level 1:colcon.colcon_core.package_identification:_identify(.) by extensions ['cmake', 'python']
[11.528s] Level 1:colcon.colcon_core.package_identification:_identify(.) by extension 'cmake'
[11.528s] Level 1:colcon.colcon_core.package_identification:_identify(.) by extension 'python'
[11.528s] Level 1:colcon.colcon_core.package_identification:_identify(.) by extensions ['python_setup_py']
[11.529s] Level 1:colcon.colcon_core.package_identification:_identify(.) by extension 'python_setup_py'
[11.529s] Level 1:colcon.colcon_core.package_identification:_identify(build) by extensions ['ignore', 'ignore_ament_install']
[11.529s] Level 1:colcon.colcon_core.package_identification:_identify(build) by extension 'ignore'
[11.529s] Level 1:colcon.colcon_core.package_identification:_identify(build) ignored
[11.529s] Level 1:colcon.colcon_core.package_identification:_identify(install) by extensions ['ignore', 'ignore_ament_install']
[11.530s] Level 1:colcon.colcon_core.package_identification:_identify(install) by extension 'ignore'
[11.530s] Level 1:colcon.colcon_core.package_identification:_identify(install) ignored
[11.530s] Level 1:colcon.colcon_core.package_identification:_identify(log) by extensions ['ignore', 'ignore_ament_install']
[11.530s] Level 1:colcon.colcon_core.package_identification:_identify(log) by extension 'ignore'
[11.530s] Level 1:colcon.colcon_core.package_identification:_identify(log) ignored
[11.530s] Level 1:colcon.colcon_core.package_identification:_identify(src) by extensions ['ignore', 'ignore_ament_install']
[11.530s] Level 1:colcon.colcon_core.package_identification:_identify(src) by extension 'ignore'
[11.531s] Level 1:colcon.colcon_core.package_identification:_identify(src) by extension 'ignore_ament_install'
[11.531s] Level 1:colcon.colcon_core.package_identification:_identify(src) by extensions ['colcon_pkg']
[11.531s] Level 1:colcon.colcon_core.package_identification:_identify(src) by extension 'colcon_pkg'
[11.531s] Level 1:colcon.colcon_core.package_identification:_identify(src) by extensions ['colcon_meta']
[11.531s] Level 1:colcon.colcon_core.package_identification:_identify(src) by extension 'colcon_meta'
[11.531s] Level 1:colcon.colcon_core.package_identification:_identify(src) by extensions ['ros']
[11.531s] Level 1:colcon.colcon_core.package_identification:_identify(src) by extension 'ros'
[11.531s] Level 1:colcon.colcon_core.package_identification:_identify(src) by extensions ['cmake', 'python']
[11.531s] Level 1:colcon.colcon_core.package_identification:_identify(src) by extension 'cmake'
[11.532s] Level 1:colcon.colcon_core.package_identification:_identify(src) by extension 'python'
[11.532s] Level 1:colcon.colcon_core.package_identification:_identify(src) by extensions ['python_setup_py']
[11.532s] Level 1:colcon.colcon_core.package_identification:_identify(src) by extension 'python_setup_py'
[11.532s] Level 1:colcon.colcon_core.package_discovery:discover_packages(recursive) using defaults
[11.532s] Level 1:colcon.colcon_core.package_discovery:discover_packages(ignore) discover
[11.532s] Level 1:colcon.colcon_core.package_discovery:discover_packages(ignore) using defaults
[11.532s] Level 1:colcon.colcon_core.package_discovery:discover_packages(path) discover
[11.532s] Level 1:colcon.colcon_core.package_discovery:discover_packages(path) using defaults
[11.587s] INFO:colcon.colcon_core.executor:Executing jobs using 'parallel' executor
[11.591s] DEBUG:colcon.colcon_parallel_executor.executor.parallel:run_until_complete
[11.591s] DEBUG:colcon.colcon_parallel_executor.executor.parallel:closing loop
[11.592s] DEBUG:colcon.colcon_parallel_executor.executor.parallel:loop closed
[11.592s] DEBUG:colcon.colcon_parallel_executor.executor.parallel:run_until_complete finished with '0'
[11.592s] DEBUG:colcon.colcon_core.event_reactor:joining thread
[12.290s] INFO:colcon.colcon_core.plugin_system:Skipping extension 'colcon_notification.desktop_notification.notify_send': Could not find 'notify-send'
[12.290s] INFO:colcon.colcon_core.plugin_system:Skipping extension 'colcon_notification.desktop_notification.terminal_notifier': Not used on non-Darwin systems
[12.291s] INFO:colcon.colcon_core.plugin_system:Skipping extension 'colcon_notification.desktop_notification.win32': Not used on non-Windows systems
[12.291s] INFO:colcon.colcon_notification.desktop_notification:Sending desktop notification using 'notify2'
[12.359s] DEBUG:colcon.colcon_notification.desktop_notification.notify2:Failed to initialize notify2: org.freedesktop.DBus.Error.Spawn.ExecFailed: /usr/bin/dbus-launch terminated abnormally without any error message
[12.360s] DEBUG:colcon.colcon_core.event_reactor:joined thread
[12.375s] INFO:colcon.colcon_core.plugin_system:Skipping extension 'colcon_core.shell.bat': Not used on non-Windows systems
[12.376s] INFO:colcon.colcon_core.shell:Creating prefix script '/home/user/ros2_ws/install/local_setup.ps1'
[12.378s] INFO:colcon.colcon_core.shell:Creating prefix util module '/home/user/ros2_ws/install/_local_setup_util_ps1.py'
[12.380s] INFO:colcon.colcon_core.shell:Creating prefix chain script '/home/user/ros2_ws/install/setup.ps1'
[12.388s] INFO:colcon.colcon_core.shell:Creating prefix script '/home/user/ros2_ws/install/local_setup.sh'
[12.390s] INFO:colcon.colcon_core.shell:Creating prefix util module '/home/user/ros2_ws/install/_local_setup_util_sh.py'
[12.390s] INFO:colcon.colcon_core.shell:Creating prefix chain script '/home/user/ros2_ws/install/setup.sh'
[12.395s] INFO:colcon.colcon_core.shell:Creating prefix script '/home/user/ros2_ws/install/local_setup.bash'
[12.396s] INFO:colcon.colcon_core.shell:Creating prefix chain script '/home/user/ros2_ws/install/setup.bash'
[12.400s] INFO:colcon.colcon_core.shell:Creating prefix script '/home/user/ros2_ws/install/local_setup.zsh'
[12.401s] INFO:colcon.colcon_core.shell:Creating prefix chain script '/home/user/ros2_ws/install/setup.zsh'
