[0.079s] Invoking command in '/home/user/ros2_ws/build/minimal_diff_drive_robot': CMAKE_PREFIX_PATH=${CMAKE_PREFIX_PATH}:/opt/ros/galactic _=/usr/bin/env /usr/bin/cmake --build /home/user/ros2_ws/build/minimal_diff_drive_robot -- -j8 -l8
[0.178s] Invoked command in '/home/user/ros2_ws/build/minimal_diff_drive_robot' returned '0': CMAKE_PREFIX_PATH=${CMAKE_PREFIX_PATH}:/opt/ros/galactic _=/usr/bin/env /usr/bin/cmake --build /home/user/ros2_ws/build/minimal_diff_drive_robot -- -j8 -l8
[0.265s] Invoking command in '/home/user/ros2_ws/build/minimal_diff_drive_robot': CMAKE_PREFIX_PATH=${CMAKE_PREFIX_PATH}:/opt/ros/galactic _=/usr/bin/env /usr/bin/cmake --install /home/user/ros2_ws/build/minimal_diff_drive_robot
[0.285s] -- Install configuration: ""
[0.286s] -- Up-to-date: /home/user/ros2_ws/install/minimal_diff_drive_robot/share/minimal_diff_drive_robot/launch
[0.286s] -- Up-to-date: /home/user/ros2_ws/install/minimal_diff_drive_robot/share/minimal_diff_drive_robot/launch/gazebo_and_rviz.launch.xml
[0.286s] -- Installing: /home/user/ros2_ws/install/minimal_diff_drive_robot/share/minimal_diff_drive_robot/launch/gazebo_and_rviz.launch.py
[0.297s] -- Up-to-date: /home/user/ros2_ws/install/minimal_diff_drive_robot/share/minimal_diff_drive_robot/urdf
[0.297s] -- Up-to-date: /home/user/ros2_ws/install/minimal_diff_drive_robot/share/minimal_diff_drive_robot/urdf/minimal_diff_drive_robot.urdf
[0.297s] -- Up-to-date: /home/user/ros2_ws/install/minimal_diff_drive_robot/share/ament_index/resource_index/package_run_dependencies/minimal_diff_drive_robot
[0.298s] -- Up-to-date: /home/user/ros2_ws/install/minimal_diff_drive_robot/share/ament_index/resource_index/parent_prefix_path/minimal_diff_drive_robot
[0.299s] -- Up-to-date: /home/user/ros2_ws/install/minimal_diff_drive_robot/share/minimal_diff_drive_robot/environment/ament_prefix_path.sh
[0.299s] -- Up-to-date: /home/user/ros2_ws/install/minimal_diff_drive_robot/share/minimal_diff_drive_robot/environment/ament_prefix_path.dsv
[0.300s] -- Up-to-date: /home/user/ros2_ws/install/minimal_diff_drive_robot/share/minimal_diff_drive_robot/environment/path.sh
[0.300s] -- Up-to-date: /home/user/ros2_ws/install/minimal_diff_drive_robot/share/minimal_diff_drive_robot/environment/path.dsv
[0.300s] -- Up-to-date: /home/user/ros2_ws/install/minimal_diff_drive_robot/share/minimal_diff_drive_robot/local_setup.bash
[0.301s] -- Up-to-date: /home/user/ros2_ws/install/minimal_diff_drive_robot/share/minimal_diff_drive_robot/local_setup.sh
[0.302s] -- Up-to-date: /home/user/ros2_ws/install/minimal_diff_drive_robot/share/minimal_diff_drive_robot/local_setup.zsh
[0.302s] -- Up-to-date: /home/user/ros2_ws/install/minimal_diff_drive_robot/share/minimal_diff_drive_robot/local_setup.dsv
[0.302s] -- Installing: /home/user/ros2_ws/install/minimal_diff_drive_robot/share/minimal_diff_drive_robot/package.dsv
[0.303s] -- Up-to-date: /home/user/ros2_ws/install/minimal_diff_drive_robot/share/ament_index/resource_index/packages/minimal_diff_drive_robot
[0.303s] -- Up-to-date: /home/user/ros2_ws/install/minimal_diff_drive_robot/share/minimal_diff_drive_robot/cmake/minimal_diff_drive_robotConfig.cmake
[0.303s] -- Up-to-date: /home/user/ros2_ws/install/minimal_diff_drive_robot/share/minimal_diff_drive_robot/cmake/minimal_diff_drive_robotConfig-version.cmake
[0.304s] -- Up-to-date: /home/user/ros2_ws/install/minimal_diff_drive_robot/share/minimal_diff_drive_robot/package.xml
[0.312s] Invoked command in '/home/user/ros2_ws/build/minimal_diff_drive_robot' returned '0': CMAKE_PREFIX_PATH=${CMAKE_PREFIX_PATH}:/opt/ros/galactic _=/usr/bin/env /usr/bin/cmake --install /home/user/ros2_ws/build/minimal_diff_drive_robot
