[01m[K/home/user/ros2_ws/src/my_package/src/obstacle_avoidance.cpp:[m[K In constructor '[01m[KObstacleAvoidance::ObstacleAvoidance()[m[K':
[01m[K/home/user/ros2_ws/src/my_package/src/obstacle_avoidance.cpp:21:48:[m[K [01;35m[Kwarning: [m[K'[01m[Kconst rclcpp::ParameterValue& rclcpp::Node::declare_parameter(const string&)[m[K' is deprecated: declare_parameter() with only a name is deprecated and will be deleted in the future.\nIf you want to declare a parameter that won't change type without a default value use:\n`node->declare_parameter<ParameterT>(name)`, where e.g. ParameterT=int64_t.\n\nIf you want to declare a parameter that can dynamically change type use:\n```\nrcl_interfaces::msg::ParameterDescriptor descriptor;\ndescriptor.dynamic_typing = true;\nnode->declare_parameter(name, rclcpp::ParameterValue{}, descriptor);\n``` [[01;35m[K-Wdeprecated-declarations[m[K]
   21 |     this->declare_parameter("linear_x_velocity"[01;35m[K)[m[K;
      |                                                [01;35m[K^[m[K
In file included from [01m[K/opt/ros/galactic/include/rclcpp/executors/single_threaded_executor.hpp:28[m[K,
                 from [01m[K/opt/ros/galactic/include/rclcpp/executors.hpp:22[m[K,
                 from [01m[K/opt/ros/galactic/include/rclcpp/rclcpp.hpp:156[m[K,
                 from [01m[K/home/user/ros2_ws/src/my_package/src/obstacle_avoidance.cpp:2[m[K:
[01m[K/opt/ros/galactic/include/rclcpp/node.hpp:411:3:[m[K [01;36m[Knote: [m[Kdeclared here
  411 |   [01;36m[Kdeclare_parameter[m[K(const std::string & name);
      |   [01;36m[K^~~~~~~~~~~~~~~~~[m[K
[01m[K/home/user/ros2_ws/src/my_package/src/obstacle_avoidance.cpp:22:49:[m[K [01;35m[Kwarning: [m[K'[01m[Kconst rclcpp::ParameterValue& rclcpp::Node::declare_parameter(const string&)[m[K' is deprecated: declare_parameter() with only a name is deprecated and will be deleted in the future.\nIf you want to declare a parameter that won't change type without a default value use:\n`node->declare_parameter<ParameterT>(name)`, where e.g. ParameterT=int64_t.\n\nIf you want to declare a parameter that can dynamically change type use:\n```\nrcl_interfaces::msg::ParameterDescriptor descriptor;\ndescriptor.dynamic_typing = true;\nnode->declare_parameter(name, rclcpp::ParameterValue{}, descriptor);\n``` [[01;35m[K-Wdeprecated-declarations[m[K]
   22 |     this->declare_parameter("angular_z_velocity"[01;35m[K)[m[K;
      |                                                 [01;35m[K^[m[K
In file included from [01m[K/opt/ros/galactic/include/rclcpp/executors/single_threaded_executor.hpp:28[m[K,
                 from [01m[K/opt/ros/galactic/include/rclcpp/executors.hpp:22[m[K,
                 from [01m[K/opt/ros/galactic/include/rclcpp/rclcpp.hpp:156[m[K,
                 from [01m[K/home/user/ros2_ws/src/my_package/src/obstacle_avoidance.cpp:2[m[K:
[01m[K/opt/ros/galactic/include/rclcpp/node.hpp:411:3:[m[K [01;36m[Knote: [m[Kdeclared here
  411 |   [01;36m[Kdeclare_parameter[m[K(const std::string & name);
      |   [01;36m[K^~~~~~~~~~~~~~~~~[m[K
