-- The C compiler identification is GNU 9.3.0
-- The CXX compiler identification is GNU 9.3.0
-- Check for working C compiler: /usr/bin/cc
-- Check for working C compiler: /usr/bin/cc -- works
-- Detecting C compiler ABI info
-- Detecting C compiler ABI info - done
-- Detecting C compile features
-- Detecting C compile features - done
-- Check for working CXX compiler: /usr/bin/c++
-- Check for working CXX compiler: /usr/bin/c++ -- works
-- Detecting CXX compiler ABI info
-- Detecting CXX compiler ABI info - done
-- Detecting CXX compile features
-- Detecting CXX compile features - done
-- Found ament_cmake: 1.1.4 (/opt/ros/galactic/share/ament_cmake/cmake)
-- Found PythonInterp: /usr/bin/python3 (found suitable version "3.8.5", minimum required is "3") 
-- Using PYTHON_EXECUTABLE: /usr/bin/python3
-- Override CMake install command with custom implementation using symlinks instead of copying resources
-- Found rclcpp: 9.1.0 (/opt/ros/galactic/share/rclcpp/cmake)
-- Using all available rosidl_typesupport_c: rosidl_typesupport_fastrtps_c;rosidl_typesupport_introspection_c
-- Found rosidl_adapter: 2.2.1 (/opt/ros/galactic/share/rosidl_adapter/cmake)
-- Found OpenSSL: /usr/lib/x86_64-linux-gnu/libcrypto.so (found version "1.1.1f")  
-- Found FastRTPS: /opt/ros/galactic/include  
-- Using all available rosidl_typesupport_cpp: rosidl_typesupport_fastrtps_cpp;rosidl_typesupport_introspection_cpp
-- Found rmw_implementation_cmake: 3.3.1 (/opt/ros/galactic/share/rmw_implementation_cmake/cmake)
-- Found rmw_cyclonedds_cpp: 0.22.3 (/opt/ros/galactic/share/rmw_cyclonedds_cpp/cmake)
-- Using RMW implementation 'rmw_cyclonedds_cpp' as default
-- Looking for pthread.h
-- Looking for pthread.h - found
-- Performing Test CMAKE_HAVE_LIBC_PTHREAD
-- Performing Test CMAKE_HAVE_LIBC_PTHREAD - Failed
-- Looking for pthread_create in pthreads
-- Looking for pthread_create in pthreads - not found
-- Looking for pthread_create in pthread
-- Looking for pthread_create in pthread - found
-- Found Threads: TRUE  
-- Found geometry_msgs: 2.2.3 (/opt/ros/galactic/share/geometry_msgs/cmake)
-- Found sensor_msgs: 2.2.3 (/opt/ros/galactic/share/sensor_msgs/cmake)
-- Found visualization_msgs: 2.2.3 (/opt/ros/galactic/share/visualization_msgs/cmake)
-- Found ament_lint_auto: 0.10.6 (/opt/ros/galactic/share/ament_lint_auto/cmake)
-- Added test 'copyright' to check source files copyright and LICENSE
-- Added test 'cppcheck' to perform static code analysis on C / C++ code
-- Configured cppcheck include dirs: 
-- Configured cppcheck exclude dirs and/or files: 
-- Added test 'cpplint' to check C / C++ code against the Google style
-- Configured cpplint exclude dirs and/or files: 
-- Added test 'flake8' to check Python code syntax and style conventions
-- Added test 'lint_cmake' to check CMake code style
-- Added test 'pep257' to check Python code against some of the style conventions in PEP 257
-- Added test 'uncrustify' to check C / C++ code style
-- Configured uncrustify additional arguments: 
-- Added test 'xmllint' to check XML markup files
-- Configuring done
-- Generating done
-- Build files have been written to: /home/user/ros2_ws/build/my_package
[35m[1mScanning dependencies of target rviz_marker_pub[0m
[ 25%] [32mBuilding CXX object CMakeFiles/rviz_marker_pub.dir/src/rviz_marker.cpp.o[0m
[ 50%] [32m[1mLinking CXX executable rviz_marker_pub[0m
[ 50%] Built target rviz_marker_pub
[35m[1mScanning dependencies of target obstacle_avoidance[0m
[ 75%] [32mBuilding CXX object CMakeFiles/obstacle_avoidance.dir/src/obstacle_avoidance.cpp.o[0m
[01m[K/home/user/ros2_ws/src/my_package/src/obstacle_avoidance.cpp:[m[K In constructor '[01m[KObstacleAvoidance::ObstacleAvoidance()[m[K':
[01m[K/home/user/ros2_ws/src/my_package/src/obstacle_avoidance.cpp:21:48:[m[K [01;35m[Kwarning: [m[K'[01m[Kconst rclcpp::ParameterValue& rclcpp::Node::declare_parameter(const string&)[m[K' is deprecated: declare_parameter() with only a name is deprecated and will be deleted in the future.\nIf you want to declare a parameter that won't change type without a default value use:\n`node->declare_parameter<ParameterT>(name)`, where e.g. ParameterT=int64_t.\n\nIf you want to declare a parameter that can dynamically change type use:\n```\nrcl_interfaces::msg::ParameterDescriptor descriptor;\ndescriptor.dynamic_typing = true;\nnode->declare_parameter(name, rclcpp::ParameterValue{}, descriptor);\n``` [[01;35m[K-Wdeprecated-declarations[m[K]
   21 |     this->declare_parameter("linear_x_velocity"[01;35m[K)[m[K;
      |                                                [01;35m[K^[m[K
In file included from [01m[K/opt/ros/galactic/include/rclcpp/executors/single_threaded_executor.hpp:28[m[K,
                 from [01m[K/opt/ros/galactic/include/rclcpp/executors.hpp:22[m[K,
                 from [01m[K/opt/ros/galactic/include/rclcpp/rclcpp.hpp:156[m[K,
                 from [01m[K/home/user/ros2_ws/src/my_package/src/obstacle_avoidance.cpp:2[m[K:
[01m[K/opt/ros/galactic/include/rclcpp/node.hpp:411:3:[m[K [01;36m[Knote: [m[Kdeclared here
  411 |   [01;36m[Kdeclare_parameter[m[K(const std::string & name);
      |   [01;36m[K^~~~~~~~~~~~~~~~~[m[K
[01m[K/home/user/ros2_ws/src/my_package/src/obstacle_avoidance.cpp:22:49:[m[K [01;35m[Kwarning: [m[K'[01m[Kconst rclcpp::ParameterValue& rclcpp::Node::declare_parameter(const string&)[m[K' is deprecated: declare_parameter() with only a name is deprecated and will be deleted in the future.\nIf you want to declare a parameter that won't change type without a default value use:\n`node->declare_parameter<ParameterT>(name)`, where e.g. ParameterT=int64_t.\n\nIf you want to declare a parameter that can dynamically change type use:\n```\nrcl_interfaces::msg::ParameterDescriptor descriptor;\ndescriptor.dynamic_typing = true;\nnode->declare_parameter(name, rclcpp::ParameterValue{}, descriptor);\n``` [[01;35m[K-Wdeprecated-declarations[m[K]
   22 |     this->declare_parameter("angular_z_velocity"[01;35m[K)[m[K;
      |                                                 [01;35m[K^[m[K
In file included from [01m[K/opt/ros/galactic/include/rclcpp/executors/single_threaded_executor.hpp:28[m[K,
                 from [01m[K/opt/ros/galactic/include/rclcpp/executors.hpp:22[m[K,
                 from [01m[K/opt/ros/galactic/include/rclcpp/rclcpp.hpp:156[m[K,
                 from [01m[K/home/user/ros2_ws/src/my_package/src/obstacle_avoidance.cpp:2[m[K:
[01m[K/opt/ros/galactic/include/rclcpp/node.hpp:411:3:[m[K [01;36m[Knote: [m[Kdeclared here
  411 |   [01;36m[Kdeclare_parameter[m[K(const std::string & name);
      |   [01;36m[K^~~~~~~~~~~~~~~~~[m[K
[100%] [32m[1mLinking CXX executable obstacle_avoidance[0m
[100%] Built target obstacle_avoidance
-- Install configuration: ""
-- Execute custom install script
-- Symlinking: /home/user/ros2_ws/install/my_package/share/my_package//launch/project_launch.launch.xml
-- Symlinking: /home/user/ros2_ws/install/my_package/share/my_package//launch/simulation.launch.py
-- Symlinking: /home/user/ros2_ws/install/my_package/lib/my_package//obstacle_avoidance
-- Symlinking: /home/user/ros2_ws/install/my_package/lib/my_package//rviz_marker_pub
-- Symlinking: /home/user/ros2_ws/install/my_package/share/ament_index/resource_index/package_run_dependencies/my_package
-- Symlinking: /home/user/ros2_ws/install/my_package/share/ament_index/resource_index/parent_prefix_path/my_package
-- Symlinking: /home/user/ros2_ws/install/my_package/share/my_package/environment/ament_prefix_path.sh
-- Symlinking: /home/user/ros2_ws/install/my_package/share/my_package/environment/ament_prefix_path.dsv
-- Symlinking: /home/user/ros2_ws/install/my_package/share/my_package/environment/path.sh
-- Symlinking: /home/user/ros2_ws/install/my_package/share/my_package/environment/path.dsv
-- Symlinking: /home/user/ros2_ws/install/my_package/share/my_package/local_setup.bash
-- Symlinking: /home/user/ros2_ws/install/my_package/share/my_package/local_setup.sh
-- Symlinking: /home/user/ros2_ws/install/my_package/share/my_package/local_setup.zsh
-- Symlinking: /home/user/ros2_ws/install/my_package/share/my_package/local_setup.dsv
-- Symlinking: /home/user/ros2_ws/install/my_package/share/my_package/package.dsv
-- Symlinking: /home/user/ros2_ws/install/my_package/share/ament_index/resource_index/packages/my_package
-- Symlinking: /home/user/ros2_ws/install/my_package/share/my_package/cmake/my_packageConfig.cmake
-- Symlinking: /home/user/ros2_ws/install/my_package/share/my_package/cmake/my_packageConfig-version.cmake
-- Symlinking: /home/user/ros2_ws/install/my_package/share/my_package/package.xml
