[0.020s] Invoking command in '/home/user/ros2_ws/build/my_package': CMAKE_PREFIX_PATH=/opt/ros/galactic _=/usr/bin/env /usr/bin/cmake /home/user/ros2_ws/src/my_package -DAMENT_CMAKE_SYMLINK_INSTALL=1 -DCMAKE_INSTALL_PREFIX=/home/user/ros2_ws/install/my_package
[10.183s] -- The C compiler identification is GNU 9.3.0
[13.857s] -- The CXX compiler identification is GNU 9.3.0
[13.957s] -- Check for working C compiler: /usr/bin/cc
[14.155s] -- Check for working C compiler: /usr/bin/cc -- works
[14.157s] -- Detecting C compiler ABI info
[14.278s] -- Detecting C compiler ABI info - done
[14.298s] -- Detecting C compile features
[14.299s] -- Detecting C compile features - done
[14.305s] -- Check for working CXX compiler: /usr/bin/c++
[14.421s] -- Check for working CXX compiler: /usr/bin/c++ -- works
[14.422s] -- Detecting CXX compiler ABI info
[14.546s] -- Detecting CXX compiler ABI info - done
[14.570s] -- Detecting CXX compile features
[14.571s] -- Detecting CXX compile features - done
[14.585s] -- Found ament_cmake: 1.1.4 (/opt/ros/galactic/share/ament_cmake/cmake)
[14.860s] -- Found PythonInterp: /usr/bin/python3 (found suitable version "3.8.5", minimum required is "3") 
[14.860s] -- Using PYTHON_EXECUTABLE: /usr/bin/python3
[14.964s] -- Override CMake install command with custom implementation using symlinks instead of copying resources
[15.056s] -- Found rclcpp: 9.1.0 (/opt/ros/galactic/share/rclcpp/cmake)
[15.211s] -- Using all available rosidl_typesupport_c: rosidl_typesupport_fastrtps_c;rosidl_typesupport_introspection_c
[15.234s] -- Found rosidl_adapter: 2.2.1 (/opt/ros/galactic/share/rosidl_adapter/cmake)
[16.263s] -- Found OpenSSL: /usr/lib/x86_64-linux-gnu/libcrypto.so (found version "1.1.1f")  
[16.324s] -- Found FastRTPS: /opt/ros/galactic/include  
[16.511s] -- Using all available rosidl_typesupport_cpp: rosidl_typesupport_fastrtps_cpp;rosidl_typesupport_introspection_cpp
[16.746s] -- Found rmw_implementation_cmake: 3.3.1 (/opt/ros/galactic/share/rmw_implementation_cmake/cmake)
[16.757s] -- Found rmw_cyclonedds_cpp: 0.22.3 (/opt/ros/galactic/share/rmw_cyclonedds_cpp/cmake)
[16.815s] -- Using RMW implementation 'rmw_cyclonedds_cpp' as default
[16.819s] -- Looking for pthread.h
[17.696s] -- Looking for pthread.h - found
[17.697s] -- Performing Test CMAKE_HAVE_LIBC_PTHREAD
[17.813s] -- Performing Test CMAKE_HAVE_LIBC_PTHREAD - Failed
[17.813s] -- Looking for pthread_create in pthreads
[17.911s] -- Looking for pthread_create in pthreads - not found
[17.911s] -- Looking for pthread_create in pthread
[18.017s] -- Looking for pthread_create in pthread - found
[18.019s] -- Found Threads: TRUE  
[18.326s] -- Found geometry_msgs: 2.2.3 (/opt/ros/galactic/share/geometry_msgs/cmake)
[18.394s] -- Found sensor_msgs: 2.2.3 (/opt/ros/galactic/share/sensor_msgs/cmake)
[18.526s] -- Found visualization_msgs: 2.2.3 (/opt/ros/galactic/share/visualization_msgs/cmake)
[18.668s] -- Found ament_lint_auto: 0.10.6 (/opt/ros/galactic/share/ament_lint_auto/cmake)
[18.837s] -- Added test 'copyright' to check source files copyright and LICENSE
[18.843s] -- Added test 'cppcheck' to perform static code analysis on C / C++ code
[18.844s] -- Configured cppcheck include dirs: 
[18.844s] -- Configured cppcheck exclude dirs and/or files: 
[18.851s] -- Added test 'cpplint' to check C / C++ code against the Google style
[18.851s] -- Configured cpplint exclude dirs and/or files: 
[18.853s] -- Added test 'flake8' to check Python code syntax and style conventions
[18.856s] -- Added test 'lint_cmake' to check CMake code style
[18.858s] -- Added test 'pep257' to check Python code against some of the style conventions in PEP 257
[18.868s] -- Added test 'uncrustify' to check C / C++ code style
[18.868s] -- Configured uncrustify additional arguments: 
[18.870s] -- Added test 'xmllint' to check XML markup files
[18.879s] -- Configuring done
[18.900s] -- Generating done
[18.903s] -- Build files have been written to: /home/user/ros2_ws/build/my_package
[18.916s] Invoked command in '/home/user/ros2_ws/build/my_package' returned '0': CMAKE_PREFIX_PATH=/opt/ros/galactic _=/usr/bin/env /usr/bin/cmake /home/user/ros2_ws/src/my_package -DAMENT_CMAKE_SYMLINK_INSTALL=1 -DCMAKE_INSTALL_PREFIX=/home/user/ros2_ws/install/my_package
[18.921s] Invoking command in '/home/user/ros2_ws/build/my_package': CMAKE_PREFIX_PATH=/opt/ros/galactic _=/usr/bin/env /usr/bin/cmake --build /home/user/ros2_ws/build/my_package -- -j8 -l8
[18.988s] [35m[1mScanning dependencies of target rviz_marker_pub[0m
[20.952s] [ 25%] [32mBuilding CXX object CMakeFiles/rviz_marker_pub.dir/src/rviz_marker.cpp.o[0m
[30.812s] [ 50%] [32m[1mLinking CXX executable rviz_marker_pub[0m
[32.766s] [ 50%] Built target rviz_marker_pub
[32.791s] [35m[1mScanning dependencies of target obstacle_avoidance[0m
[33.010s] [ 75%] [32mBuilding CXX object CMakeFiles/obstacle_avoidance.dir/src/obstacle_avoidance.cpp.o[0m
[36.204s] [01m[K/home/user/ros2_ws/src/my_package/src/obstacle_avoidance.cpp:[m[K In constructor '[01m[KObstacleAvoidance::ObstacleAvoidance()[m[K':
[36.205s] [01m[K/home/user/ros2_ws/src/my_package/src/obstacle_avoidance.cpp:21:48:[m[K [01;35m[Kwarning: [m[K'[01m[Kconst rclcpp::ParameterValue& rclcpp::Node::declare_parameter(const string&)[m[K' is deprecated: declare_parameter() with only a name is deprecated and will be deleted in the future.\nIf you want to declare a parameter that won't change type without a default value use:\n`node->declare_parameter<ParameterT>(name)`, where e.g. ParameterT=int64_t.\n\nIf you want to declare a parameter that can dynamically change type use:\n```\nrcl_interfaces::msg::ParameterDescriptor descriptor;\ndescriptor.dynamic_typing = true;\nnode->declare_parameter(name, rclcpp::ParameterValue{}, descriptor);\n``` [[01;35m[K-Wdeprecated-declarations[m[K]
[36.205s]    21 |     this->declare_parameter("linear_x_velocity"[01;35m[K)[m[K;
[36.205s]       |                                                [01;35m[K^[m[K
[36.205s] In file included from [01m[K/opt/ros/galactic/include/rclcpp/executors/single_threaded_executor.hpp:28[m[K,
[36.205s]                  from [01m[K/opt/ros/galactic/include/rclcpp/executors.hpp:22[m[K,
[36.205s]                  from [01m[K/opt/ros/galactic/include/rclcpp/rclcpp.hpp:156[m[K,
[36.206s]                  from [01m[K/home/user/ros2_ws/src/my_package/src/obstacle_avoidance.cpp:2[m[K:
[36.206s] [01m[K/opt/ros/galactic/include/rclcpp/node.hpp:411:3:[m[K [01;36m[Knote: [m[Kdeclared here
[36.206s]   411 |   [01;36m[Kdeclare_parameter[m[K(const std::string & name);
[36.206s]       |   [01;36m[K^~~~~~~~~~~~~~~~~[m[K
[36.206s] [01m[K/home/user/ros2_ws/src/my_package/src/obstacle_avoidance.cpp:22:49:[m[K [01;35m[Kwarning: [m[K'[01m[Kconst rclcpp::ParameterValue& rclcpp::Node::declare_parameter(const string&)[m[K' is deprecated: declare_parameter() with only a name is deprecated and will be deleted in the future.\nIf you want to declare a parameter that won't change type without a default value use:\n`node->declare_parameter<ParameterT>(name)`, where e.g. ParameterT=int64_t.\n\nIf you want to declare a parameter that can dynamically change type use:\n```\nrcl_interfaces::msg::ParameterDescriptor descriptor;\ndescriptor.dynamic_typing = true;\nnode->declare_parameter(name, rclcpp::ParameterValue{}, descriptor);\n``` [[01;35m[K-Wdeprecated-declarations[m[K]
[36.206s]    22 |     this->declare_parameter("angular_z_velocity"[01;35m[K)[m[K;
[36.206s]       |                                                 [01;35m[K^[m[K
[36.207s] In file included from [01m[K/opt/ros/galactic/include/rclcpp/executors/single_threaded_executor.hpp:28[m[K,
[36.207s]                  from [01m[K/opt/ros/galactic/include/rclcpp/executors.hpp:22[m[K,
[36.207s]                  from [01m[K/opt/ros/galactic/include/rclcpp/rclcpp.hpp:156[m[K,
[36.207s]                  from [01m[K/home/user/ros2_ws/src/my_package/src/obstacle_avoidance.cpp:2[m[K:
[36.207s] [01m[K/opt/ros/galactic/include/rclcpp/node.hpp:411:3:[m[K [01;36m[Knote: [m[Kdeclared here
[36.207s]   411 |   [01;36m[Kdeclare_parameter[m[K(const std::string & name);
[36.207s]       |   [01;36m[K^~~~~~~~~~~~~~~~~[m[K
[45.052s] [100%] [32m[1mLinking CXX executable obstacle_avoidance[0m
[45.573s] [100%] Built target obstacle_avoidance
[45.587s] Invoked command in '/home/user/ros2_ws/build/my_package' returned '0': CMAKE_PREFIX_PATH=/opt/ros/galactic _=/usr/bin/env /usr/bin/cmake --build /home/user/ros2_ws/build/my_package -- -j8 -l8
[45.645s] Invoking command in '/home/user/ros2_ws/build/my_package': CMAKE_PREFIX_PATH=/opt/ros/galactic _=/usr/bin/env /usr/bin/cmake --install /home/user/ros2_ws/build/my_package
[45.654s] -- Install configuration: ""
[45.655s] -- Execute custom install script
[45.656s] -- Symlinking: /home/user/ros2_ws/install/my_package/share/my_package//launch/project_launch.launch.xml
[45.668s] -- Symlinking: /home/user/ros2_ws/install/my_package/share/my_package//launch/simulation.launch.py
[45.679s] -- Symlinking: /home/user/ros2_ws/install/my_package/lib/my_package//obstacle_avoidance
[45.690s] -- Symlinking: /home/user/ros2_ws/install/my_package/lib/my_package//rviz_marker_pub
[45.702s] -- Symlinking: /home/user/ros2_ws/install/my_package/share/ament_index/resource_index/package_run_dependencies/my_package
[45.713s] -- Symlinking: /home/user/ros2_ws/install/my_package/share/ament_index/resource_index/parent_prefix_path/my_package
[45.724s] -- Symlinking: /home/user/ros2_ws/install/my_package/share/my_package/environment/ament_prefix_path.sh
[45.735s] -- Symlinking: /home/user/ros2_ws/install/my_package/share/my_package/environment/ament_prefix_path.dsv
[45.747s] -- Symlinking: /home/user/ros2_ws/install/my_package/share/my_package/environment/path.sh
[45.759s] -- Symlinking: /home/user/ros2_ws/install/my_package/share/my_package/environment/path.dsv
[45.770s] -- Symlinking: /home/user/ros2_ws/install/my_package/share/my_package/local_setup.bash
[45.781s] -- Symlinking: /home/user/ros2_ws/install/my_package/share/my_package/local_setup.sh
[45.792s] -- Symlinking: /home/user/ros2_ws/install/my_package/share/my_package/local_setup.zsh
[45.803s] -- Symlinking: /home/user/ros2_ws/install/my_package/share/my_package/local_setup.dsv
[45.815s] -- Symlinking: /home/user/ros2_ws/install/my_package/share/my_package/package.dsv
[45.827s] -- Symlinking: /home/user/ros2_ws/install/my_package/share/ament_index/resource_index/packages/my_package
[45.837s] -- Symlinking: /home/user/ros2_ws/install/my_package/share/my_package/cmake/my_packageConfig.cmake
[45.847s] -- Symlinking: /home/user/ros2_ws/install/my_package/share/my_package/cmake/my_packageConfig-version.cmake
[45.858s] -- Symlinking: /home/user/ros2_ws/install/my_package/share/my_package/package.xml
[45.872s] Invoked command in '/home/user/ros2_ws/build/my_package' returned '0': CMAKE_PREFIX_PATH=/opt/ros/galactic _=/usr/bin/env /usr/bin/cmake --install /home/user/ros2_ws/build/my_package
