[100%] Built target obstacle_avoidance
-- Install configuration: ""
-- Up-to-date: /home/user/ros2_ws/install/rule_based_obstacle_avoidance/lib/rule_based_obstacle_avoidance/obstacle_avoidance
-- Up-to-date: /home/user/ros2_ws/install/rule_based_obstacle_avoidance/share/rule_based_obstacle_avoidance//launch
-- Up-to-date: /home/user/ros2_ws/install/rule_based_obstacle_avoidance/share/rule_based_obstacle_avoidance//launch/gazebo_and_obstacle_avoidance.launch.xml
-- Up-to-date: /home/user/ros2_ws/install/rule_based_obstacle_avoidance/share/rule_based_obstacle_avoidance//launch/empty_simulation.launch.py
-- Up-to-date: /home/user/ros2_ws/install/rule_based_obstacle_avoidance/share/ament_index/resource_index/package_run_dependencies/rule_based_obstacle_avoidance
-- Up-to-date: /home/user/ros2_ws/install/rule_based_obstacle_avoidance/share/ament_index/resource_index/parent_prefix_path/rule_based_obstacle_avoidance
-- Up-to-date: /home/user/ros2_ws/install/rule_based_obstacle_avoidance/share/rule_based_obstacle_avoidance/environment/ament_prefix_path.sh
-- Up-to-date: /home/user/ros2_ws/install/rule_based_obstacle_avoidance/share/rule_based_obstacle_avoidance/environment/ament_prefix_path.dsv
-- Up-to-date: /home/user/ros2_ws/install/rule_based_obstacle_avoidance/share/rule_based_obstacle_avoidance/environment/path.sh
-- Up-to-date: /home/user/ros2_ws/install/rule_based_obstacle_avoidance/share/rule_based_obstacle_avoidance/environment/path.dsv
-- Up-to-date: /home/user/ros2_ws/install/rule_based_obstacle_avoidance/share/rule_based_obstacle_avoidance/local_setup.bash
-- Up-to-date: /home/user/ros2_ws/install/rule_based_obstacle_avoidance/share/rule_based_obstacle_avoidance/local_setup.sh
-- Up-to-date: /home/user/ros2_ws/install/rule_based_obstacle_avoidance/share/rule_based_obstacle_avoidance/local_setup.zsh
-- Up-to-date: /home/user/ros2_ws/install/rule_based_obstacle_avoidance/share/rule_based_obstacle_avoidance/local_setup.dsv
-- Installing: /home/user/ros2_ws/install/rule_based_obstacle_avoidance/share/rule_based_obstacle_avoidance/package.dsv
-- Up-to-date: /home/user/ros2_ws/install/rule_based_obstacle_avoidance/share/ament_index/resource_index/packages/rule_based_obstacle_avoidance
-- Up-to-date: /home/user/ros2_ws/install/rule_based_obstacle_avoidance/share/rule_based_obstacle_avoidance/cmake/rule_based_obstacle_avoidanceConfig.cmake
-- Up-to-date: /home/user/ros2_ws/install/rule_based_obstacle_avoidance/share/rule_based_obstacle_avoidance/cmake/rule_based_obstacle_avoidanceConfig-version.cmake
-- Up-to-date: /home/user/ros2_ws/install/rule_based_obstacle_avoidance/share/rule_based_obstacle_avoidance/package.xml
