[0.038s] Invoking command in '/home/user/ros2_ws/build/minimal_diff_drive_robot': CMAKE_PREFIX_PATH=${CMAKE_PREFIX_PATH}:/opt/ros/galactic _=/usr/bin/env /usr/bin/cmake --build /home/user/ros2_ws/build/minimal_diff_drive_robot -- -j8 -l8
[0.139s] Invoked command in '/home/user/ros2_ws/build/minimal_diff_drive_robot' returned '0': CMAKE_PREFIX_PATH=${CMAKE_PREFIX_PATH}:/opt/ros/galactic _=/usr/bin/env /usr/bin/cmake --build /home/user/ros2_ws/build/minimal_diff_drive_robot -- -j8 -l8
[0.198s] Invoking command in '/home/user/ros2_ws/build/minimal_diff_drive_robot': CMAKE_PREFIX_PATH=${CMAKE_PREFIX_PATH}:/opt/ros/galactic _=/usr/bin/env /usr/bin/cmake --install /home/user/ros2_ws/build/minimal_diff_drive_robot
[0.218s] -- Install configuration: ""
[0.219s] -- Up-to-date: /home/user/ros2_ws/install/minimal_diff_drive_robot/share/minimal_diff_drive_robot/launch
[0.219s] -- Up-to-date: /home/user/ros2_ws/install/minimal_diff_drive_robot/share/minimal_diff_drive_robot/launch/gazebo_and_rviz.launch.xml
[0.219s] -- Up-to-date: /home/user/ros2_ws/install/minimal_diff_drive_robot/share/minimal_diff_drive_robot/launch/gazebo_and_rviz.launch.py
[0.220s] -- Up-to-date: /home/user/ros2_ws/install/minimal_diff_drive_robot/share/minimal_diff_drive_robot/urdf
[0.220s] -- Installing: /home/user/ros2_ws/install/minimal_diff_drive_robot/share/minimal_diff_drive_robot/urdf/minimal_diff_drive_robot.urdf
[0.220s] -- Up-to-date: /home/user/ros2_ws/install/minimal_diff_drive_robot/share/minimal_diff_drive_robot/config
[0.221s] -- Up-to-date: /home/user/ros2_ws/install/minimal_diff_drive_robot/share/minimal_diff_drive_robot/config/robot.rviz
[0.221s] -- Up-to-date: /home/user/ros2_ws/install/minimal_diff_drive_robot/share/ament_index/resource_index/package_run_dependencies/minimal_diff_drive_robot
[0.221s] -- Up-to-date: /home/user/ros2_ws/install/minimal_diff_drive_robot/share/ament_index/resource_index/parent_prefix_path/minimal_diff_drive_robot
[0.221s] -- Up-to-date: /home/user/ros2_ws/install/minimal_diff_drive_robot/share/minimal_diff_drive_robot/environment/ament_prefix_path.sh
[0.221s] -- Up-to-date: /home/user/ros2_ws/install/minimal_diff_drive_robot/share/minimal_diff_drive_robot/environment/ament_prefix_path.dsv
[0.222s] -- Up-to-date: /home/user/ros2_ws/install/minimal_diff_drive_robot/share/minimal_diff_drive_robot/environment/path.sh
[0.222s] -- Up-to-date: /home/user/ros2_ws/install/minimal_diff_drive_robot/share/minimal_diff_drive_robot/environment/path.dsv
[0.222s] -- Up-to-date: /home/user/ros2_ws/install/minimal_diff_drive_robot/share/minimal_diff_drive_robot/local_setup.bash
[0.222s] -- Up-to-date: /home/user/ros2_ws/install/minimal_diff_drive_robot/share/minimal_diff_drive_robot/local_setup.sh
[0.222s] -- Up-to-date: /home/user/ros2_ws/install/minimal_diff_drive_robot/share/minimal_diff_drive_robot/local_setup.zsh
[0.222s] -- Up-to-date: /home/user/ros2_ws/install/minimal_diff_drive_robot/share/minimal_diff_drive_robot/local_setup.dsv
[0.223s] -- Installing: /home/user/ros2_ws/install/minimal_diff_drive_robot/share/minimal_diff_drive_robot/package.dsv
[0.223s] -- Up-to-date: /home/user/ros2_ws/install/minimal_diff_drive_robot/share/ament_index/resource_index/packages/minimal_diff_drive_robot
[0.223s] -- Up-to-date: /home/user/ros2_ws/install/minimal_diff_drive_robot/share/minimal_diff_drive_robot/cmake/minimal_diff_drive_robotConfig.cmake
[0.223s] -- Up-to-date: /home/user/ros2_ws/install/minimal_diff_drive_robot/share/minimal_diff_drive_robot/cmake/minimal_diff_drive_robotConfig-version.cmake
[0.223s] -- Up-to-date: /home/user/ros2_ws/install/minimal_diff_drive_robot/share/minimal_diff_drive_robot/package.xml
[0.228s] Invoked command in '/home/user/ros2_ws/build/minimal_diff_drive_robot' returned '0': CMAKE_PREFIX_PATH=${CMAKE_PREFIX_PATH}:/opt/ros/galactic _=/usr/bin/env /usr/bin/cmake --install /home/user/ros2_ws/build/minimal_diff_drive_robot
