[0.029s] Invoking command in '/home/user/ros2_ws/build/rule_based_obstacle_avoidance': CMAKE_PREFIX_PATH=${CMAKE_PREFIX_PATH}:/opt/ros/galactic _=/usr/bin/env /usr/bin/cmake --build /home/user/ros2_ws/build/rule_based_obstacle_avoidance -- -j8 -l8
[0.073s] -- Found ament_cmake: 1.1.5 (/opt/ros/galactic/share/ament_cmake/cmake)
[0.107s] -- Using PYTHON_EXECUTABLE: /usr/bin/python3
[0.204s] -- Found rclcpp: 9.2.0 (/opt/ros/galactic/share/rclcpp/cmake)
[0.268s] -- Using all available rosidl_typesupport_c: rosidl_typesupport_fastrtps_c;rosidl_typesupport_introspection_c
[0.273s] -- Found rosidl_adapter: 2.2.1 (/opt/ros/galactic/share/rosidl_adapter/cmake)
[0.528s] -- Using all available rosidl_typesupport_cpp: rosidl_typesupport_fastrtps_cpp;rosidl_typesupport_introspection_cpp
[0.618s] -- Found rmw_implementation_cmake: 3.3.1 (/opt/ros/galactic/share/rmw_implementation_cmake/cmake)
[0.621s] -- Found rmw_cyclonedds_cpp: 0.22.4 (/opt/ros/galactic/share/rmw_cyclonedds_cpp/cmake)
[0.651s] -- Using RMW implementation 'rmw_cyclonedds_cpp' as default
[0.871s] -- Found geometry_msgs: 2.2.4 (/opt/ros/galactic/share/geometry_msgs/cmake)
[0.922s] -- Found sensor_msgs: 2.2.4 (/opt/ros/galactic/share/sensor_msgs/cmake)
[1.038s] -- Found ament_lint_auto: 0.10.6 (/opt/ros/galactic/share/ament_lint_auto/cmake)
[1.134s] -- Added test 'copyright' to check source files copyright and LICENSE
[1.142s] -- Added test 'cppcheck' to perform static code analysis on C / C++ code
[1.142s] -- Configured cppcheck include dirs: 
[1.143s] -- Configured cppcheck exclude dirs and/or files: 
[1.149s] -- Added test 'cpplint' to check C / C++ code against the Google style
[1.149s] -- Configured cpplint exclude dirs and/or files: 
[1.150s] -- Added test 'flake8' to check Python code syntax and style conventions
[1.152s] -- Added test 'lint_cmake' to check CMake code style
[1.154s] -- Added test 'pep257' to check Python code against some of the style conventions in PEP 257
[1.160s] -- Added test 'uncrustify' to check C / C++ code style
[1.161s] -- Configured uncrustify additional arguments: 
[1.162s] -- Added test 'xmllint' to check XML markup files
[1.167s] -- Configuring done
[1.182s] -- Generating done
[1.185s] -- Build files have been written to: /home/user/ros2_ws/build/rule_based_obstacle_avoidance
[1.249s] [100%] Built target obstacle_avoidance
[1.265s] Invoked command in '/home/user/ros2_ws/build/rule_based_obstacle_avoidance' returned '0': CMAKE_PREFIX_PATH=${CMAKE_PREFIX_PATH}:/opt/ros/galactic _=/usr/bin/env /usr/bin/cmake --build /home/user/ros2_ws/build/rule_based_obstacle_avoidance -- -j8 -l8
[1.319s] Invoking command in '/home/user/ros2_ws/build/rule_based_obstacle_avoidance': CMAKE_PREFIX_PATH=${CMAKE_PREFIX_PATH}:/opt/ros/galactic _=/usr/bin/env /usr/bin/cmake --install /home/user/ros2_ws/build/rule_based_obstacle_avoidance
[1.332s] -- Install configuration: ""
[1.333s] -- Up-to-date: /home/user/ros2_ws/install/rule_based_obstacle_avoidance/lib/rule_based_obstacle_avoidance/obstacle_avoidance
[1.333s] -- Installing: /home/user/ros2_ws/install/rule_based_obstacle_avoidance/share/rule_based_obstacle_avoidance//launch
[1.333s] -- Installing: /home/user/ros2_ws/install/rule_based_obstacle_avoidance/share/rule_based_obstacle_avoidance//launch/simulation.launch.py
[1.334s] -- Installing: /home/user/ros2_ws/install/rule_based_obstacle_avoidance/share/rule_based_obstacle_avoidance//launch/launch_project.launch.xml
[1.334s] -- Up-to-date: /home/user/ros2_ws/install/rule_based_obstacle_avoidance/share/ament_index/resource_index/package_run_dependencies/rule_based_obstacle_avoidance
[1.334s] -- Up-to-date: /home/user/ros2_ws/install/rule_based_obstacle_avoidance/share/ament_index/resource_index/parent_prefix_path/rule_based_obstacle_avoidance
[1.334s] -- Up-to-date: /home/user/ros2_ws/install/rule_based_obstacle_avoidance/share/rule_based_obstacle_avoidance/environment/ament_prefix_path.sh
[1.335s] -- Installing: /home/user/ros2_ws/install/rule_based_obstacle_avoidance/share/rule_based_obstacle_avoidance/environment/ament_prefix_path.dsv
[1.335s] -- Up-to-date: /home/user/ros2_ws/install/rule_based_obstacle_avoidance/share/rule_based_obstacle_avoidance/environment/path.sh
[1.335s] -- Installing: /home/user/ros2_ws/install/rule_based_obstacle_avoidance/share/rule_based_obstacle_avoidance/environment/path.dsv
[1.335s] -- Up-to-date: /home/user/ros2_ws/install/rule_based_obstacle_avoidance/share/rule_based_obstacle_avoidance/local_setup.bash
[1.336s] -- Up-to-date: /home/user/ros2_ws/install/rule_based_obstacle_avoidance/share/rule_based_obstacle_avoidance/local_setup.sh
[1.336s] -- Up-to-date: /home/user/ros2_ws/install/rule_based_obstacle_avoidance/share/rule_based_obstacle_avoidance/local_setup.zsh
[1.336s] -- Installing: /home/user/ros2_ws/install/rule_based_obstacle_avoidance/share/rule_based_obstacle_avoidance/local_setup.dsv
[1.336s] -- Installing: /home/user/ros2_ws/install/rule_based_obstacle_avoidance/share/rule_based_obstacle_avoidance/package.dsv
[1.337s] -- Up-to-date: /home/user/ros2_ws/install/rule_based_obstacle_avoidance/share/ament_index/resource_index/packages/rule_based_obstacle_avoidance
[1.337s] -- Up-to-date: /home/user/ros2_ws/install/rule_based_obstacle_avoidance/share/rule_based_obstacle_avoidance/cmake/rule_based_obstacle_avoidanceConfig.cmake
[1.337s] -- Up-to-date: /home/user/ros2_ws/install/rule_based_obstacle_avoidance/share/rule_based_obstacle_avoidance/cmake/rule_based_obstacle_avoidanceConfig-version.cmake
[1.337s] -- Up-to-date: /home/user/ros2_ws/install/rule_based_obstacle_avoidance/share/rule_based_obstacle_avoidance/package.xml
[1.341s] Invoked command in '/home/user/ros2_ws/build/rule_based_obstacle_avoidance' returned '0': CMAKE_PREFIX_PATH=${CMAKE_PREFIX_PATH}:/opt/ros/galactic _=/usr/bin/env /usr/bin/cmake --install /home/user/ros2_ws/build/rule_based_obstacle_avoidance
